----------------------- /home/dladams/ups/art/v1_15_02/slf6.x86_64.e7.nu.prof/lib/libart_Framework_Art.so
----------------------- /home/dladams/ups/art/v1_15_02/slf6.x86_64.e7.nu.prof/lib/libart_Framework_Core.so
                 U _ZN3art15ServiceRegistry8instanceEv
0000000000093cc0 W _ZNK3art15ServiceRegistry3getINS_16CatalogInterfaceEvEERT_v
000000000009f840 W _ZNK3art15ServiceRegistry3getINS_19TriggerNamesServiceEvEERT_v
0000000000060d90 W _ZNK3art15ServiceRegistry3getINS_21RandomNumberGeneratorEvEERT_v
----------------------- /home/dladams/ups/art/v1_15_02/slf6.x86_64.e7.nu.prof/lib/libart_Framework_EventProcessor.so
                 U _ZN3art15ServiceRegistry10setContextERKNS_12ServiceTokenE
                 U _ZN3art15ServiceRegistry12unsetContextERKNS_12ServiceTokenE
00000000000621c0 W _ZN3art15ServiceRegistry7OperateD1Ev
00000000000621c0 W _ZN3art15ServiceRegistry7OperateD2Ev
                 U _ZN3art15ServiceRegistry8instanceEv
                 U _ZN3art15ServiceRegistry9createSetERKSt6vectorIN5fhicl12ParameterSetESaIS3_EERNS_16ActivityRegistryE
00000000000618e0 W _ZNK3art15ServiceRegistry11isAvailableINS_21RandomNumberGeneratorEEEbv
000000000006b620 W _ZNK3art15ServiceRegistry3getINS_19TriggerNamesServiceEvEERT_v
000000000006ba40 W _ZNK3art15ServiceRegistry3getINS_21RandomNumberGeneratorEvEERT_v
----------------------- /home/dladams/ups/art/v1_15_02/slf6.x86_64.e7.nu.prof/lib/libart_Framework_IO_Catalog.so
                 U _ZN3art15ServiceRegistry8instanceEv
----------------------- /home/dladams/ups/art/v1_15_02/slf6.x86_64.e7.nu.prof/lib/libart_Framework_IO_ProductMix_dict.so
----------------------- /home/dladams/ups/art/v1_15_02/slf6.x86_64.e7.nu.prof/lib/libart_Framework_IO_ProductMix_map.so
----------------------- /home/dladams/ups/art/v1_15_02/slf6.x86_64.e7.nu.prof/lib/libart_Framework_IO_ProductMix.so
                 U _ZN3art15ServiceRegistry8instanceEv
----------------------- /home/dladams/ups/art/v1_15_02/slf6.x86_64.e7.nu.prof/lib/libart_Framework_IO_Root_detail_sources.so
----------------------- /home/dladams/ups/art/v1_15_02/slf6.x86_64.e7.nu.prof/lib/libart_Framework_IO_Root_RootInput_source.so
----------------------- /home/dladams/ups/art/v1_15_02/slf6.x86_64.e7.nu.prof/lib/libart_Framework_IO_Root_RootOutput_module.so
----------------------- /home/dladams/ups/art/v1_15_02/slf6.x86_64.e7.nu.prof/lib/libart_Framework_IO_Root.so
----------------------- /home/dladams/ups/art/v1_15_02/slf6.x86_64.e7.nu.prof/lib/libart_Framework_IO_RootVersion.so
----------------------- /home/dladams/ups/art/v1_15_02/slf6.x86_64.e7.nu.prof/lib/libart_Framework_IO.so
----------------------- /home/dladams/ups/art/v1_15_02/slf6.x86_64.e7.nu.prof/lib/libart_Framework_IO_Sources.so
                 U _ZN3art15ServiceRegistry8instanceEv
0000000000008f40 W _ZNK3art15ServiceRegistry3getINS_12FileTransferEvEERT_v
0000000000008a10 W _ZNK3art15ServiceRegistry3getINS_16CatalogInterfaceEvEERT_v
----------------------- /home/dladams/ups/art/v1_15_02/slf6.x86_64.e7.nu.prof/lib/libart_Framework_Modules_BlockingPrescaler_module.so
----------------------- /home/dladams/ups/art/v1_15_02/slf6.x86_64.e7.nu.prof/lib/libart_Framework_Modules_dict.so
----------------------- /home/dladams/ups/art/v1_15_02/slf6.x86_64.e7.nu.prof/lib/libart_Framework_Modules_EmptyEvent_source.so
----------------------- /home/dladams/ups/art/v1_15_02/slf6.x86_64.e7.nu.prof/lib/libart_Framework_Modules_FileDumperOutput_module.so
----------------------- /home/dladams/ups/art/v1_15_02/slf6.x86_64.e7.nu.prof/lib/libart_Framework_Modules_map.so
----------------------- /home/dladams/ups/art/v1_15_02/slf6.x86_64.e7.nu.prof/lib/libart_Framework_Modules_Prescaler_module.so
----------------------- /home/dladams/ups/art/v1_15_02/slf6.x86_64.e7.nu.prof/lib/libart_Framework_Modules_ProvenanceCheckerOutput_module.so
----------------------- /home/dladams/ups/art/v1_15_02/slf6.x86_64.e7.nu.prof/lib/libart_Framework_Modules_RandomNumberSaver_module.so
                 U _ZN3art15ServiceRegistry8instanceEv
000000000000f4e0 W _ZNK3art15ServiceRegistry3getINS_21RandomNumberGeneratorEvEERT_v
----------------------- /home/dladams/ups/art/v1_15_02/slf6.x86_64.e7.nu.prof/lib/libart_Framework_Principal.so
----------------------- /home/dladams/ups/art/v1_15_02/slf6.x86_64.e7.nu.prof/lib/libart_Framework_Services_FileServiceInterfaces.so
----------------------- /home/dladams/ups/art/v1_15_02/slf6.x86_64.e7.nu.prof/lib/libart_Framework_Services_Optional_MemoryAdjuster_service.so
----------------------- /home/dladams/ups/art/v1_15_02/slf6.x86_64.e7.nu.prof/lib/libart_Framework_Services_Optional_MemoryTracker_service.so
----------------------- /home/dladams/ups/art/v1_15_02/slf6.x86_64.e7.nu.prof/lib/libart_Framework_Services_Optional_RandomNumberGenerator_service.so
                 U _ZN3art15ServiceRegistry8instanceEv
0000000000019c60 W _ZNK3art15ServiceRegistry3getINS_13CurrentModuleEvEERT_v
----------------------- /home/dladams/ups/art/v1_15_02/slf6.x86_64.e7.nu.prof/lib/libart_Framework_Services_Optional_SimpleInteraction_service.so
----------------------- /home/dladams/ups/art/v1_15_02/slf6.x86_64.e7.nu.prof/lib/libart_Framework_Services_Optional_SimpleMemoryCheck_service.so
----------------------- /home/dladams/ups/art/v1_15_02/slf6.x86_64.e7.nu.prof/lib/libart_Framework_Services_Optional.so
                 U _ZN3art15ServiceRegistry8instanceEv
----------------------- /home/dladams/ups/art/v1_15_02/slf6.x86_64.e7.nu.prof/lib/libart_Framework_Services_Optional_TFileService_service.so
                 U _ZN3art15ServiceRegistry8instanceEv
----------------------- /home/dladams/ups/art/v1_15_02/slf6.x86_64.e7.nu.prof/lib/libart_Framework_Services_Optional_TimeTracker_service.so
----------------------- /home/dladams/ups/art/v1_15_02/slf6.x86_64.e7.nu.prof/lib/libart_Framework_Services_Optional_Timing_service.so
                 U _ZN3art15ServiceRegistry8instanceEv
----------------------- /home/dladams/ups/art/v1_15_02/slf6.x86_64.e7.nu.prof/lib/libart_Framework_Services_Optional_Tracer_service.so
----------------------- /home/dladams/ups/art/v1_15_02/slf6.x86_64.e7.nu.prof/lib/libart_Framework_Services_Optional_TrivialFileDelivery_service.so
----------------------- /home/dladams/ups/art/v1_15_02/slf6.x86_64.e7.nu.prof/lib/libart_Framework_Services_Optional_TrivialFileTransfer_service.so
----------------------- /home/dladams/ups/art/v1_15_02/slf6.x86_64.e7.nu.prof/lib/libart_Framework_Services_Registry.so
000000000021cfb0 b _ZGVZN3art15ServiceRegistry8instanceEvE10s_registry
000000000000a750 T _ZN3art15ServiceRegistry10setContextERKNS_12ServiceTokenE
000000000000a980 T _ZN3art15ServiceRegistry12unsetContextERKNS_12ServiceTokenE
000000000000ab40 T _ZN3art15ServiceRegistry8instanceEv
000000000000ad60 T _ZN3art15ServiceRegistry9createSetERKSt6vectorIN5fhicl12ParameterSetESaIS3_EERNS_16ActivityRegistryE
000000000000a5f0 T _ZN3art15ServiceRegistryC1Ev
000000000000a5f0 T _ZN3art15ServiceRegistryC2Ev
000000000000aff0 T _ZN3art15ServiceRegistryD0Ev
000000000000aff0 t _ZN3art15ServiceRegistryD0Ev.localalias.52
000000000000aeb0 T _ZN3art15ServiceRegistryD1Ev
000000000000aeb0 T _ZN3art15ServiceRegistryD2Ev
000000000000b0e0 W _ZN5boost19thread_specific_ptrIN3art15ServiceRegistryEE11delete_dataD0Ev
000000000000b050 W _ZN5boost19thread_specific_ptrIN3art15ServiceRegistryEE11delete_dataD1Ev
000000000000b050 W _ZN5boost19thread_specific_ptrIN3art15ServiceRegistryEE11delete_dataD2Ev
000000000000cc00 W _ZN5boost19thread_specific_ptrIN3art15ServiceRegistryEE11delete_dataclEPv
000000000000b1a0 W _ZN5boost19thread_specific_ptrIN3art15ServiceRegistryEED1Ev
000000000000b1a0 W _ZN5boost19thread_specific_ptrIN3art15ServiceRegistryEED2Ev
000000000000b160 W _ZN5boost6detail18sp_counted_impl_pdIPNS_19thread_specific_ptrIN3art15ServiceRegistryEE11delete_dataENS0_14do_heap_deleteIS6_EEE11get_deleterERKSt9type_info
000000000000b0b0 W _ZN5boost6detail18sp_counted_impl_pdIPNS_19thread_specific_ptrIN3art15ServiceRegistryEE11delete_dataENS0_14do_heap_deleteIS6_EEE19get_untyped_deleterEv
000000000000b080 W _ZN5boost6detail18sp_counted_impl_pdIPNS_19thread_specific_ptrIN3art15ServiceRegistryEE11delete_dataENS0_14do_heap_deleteIS6_EEE7disposeEv
000000000000b0d0 W _ZN5boost6detail18sp_counted_impl_pdIPNS_19thread_specific_ptrIN3art15ServiceRegistryEE11delete_dataENS0_14do_heap_deleteIS6_EEED0Ev
000000000000b060 W _ZN5boost6detail18sp_counted_impl_pdIPNS_19thread_specific_ptrIN3art15ServiceRegistryEE11delete_dataENS0_14do_heap_deleteIS6_EEED1Ev
000000000000b060 W _ZN5boost6detail18sp_counted_impl_pdIPNS_19thread_specific_ptrIN3art15ServiceRegistryEE11delete_dataENS0_14do_heap_deleteIS6_EEED2Ev
000000000000aa70 T _ZNK3art15ServiceRegistry12presentTokenEv
000000000021c070 V _ZTIN3art15ServiceRegistryE
000000000021c0a0 V _ZTIN5boost19thread_specific_ptrIN3art15ServiceRegistryEE11delete_dataE
000000000021c0e0 V _ZTIN5boost6detail18sp_counted_impl_pdIPNS_19thread_specific_ptrIN3art15ServiceRegistryEE11delete_dataENS0_14do_heap_deleteIS6_EEEE
0000000000019340 V _ZTSN3art15ServiceRegistryE
0000000000019400 V _ZTSN5boost19thread_specific_ptrIN3art15ServiceRegistryEE11delete_dataE
0000000000019280 V _ZTSN5boost6detail14do_heap_deleteINS_19thread_specific_ptrIN3art15ServiceRegistryEE11delete_dataEEE
0000000000019500 V _ZTSN5boost6detail18sp_counted_impl_pdIPNS_19thread_specific_ptrIN3art15ServiceRegistryEE11delete_dataENS0_14do_heap_deleteIS6_EEEE
000000000021c1c0 V _ZTVN3art15ServiceRegistryE
000000000021c1e0 V _ZTVN5boost19thread_specific_ptrIN3art15ServiceRegistryEE11delete_dataE
000000000021c280 V _ZTVN5boost6detail18sp_counted_impl_pdIPNS_19thread_specific_ptrIN3art15ServiceRegistryEE11delete_dataENS0_14do_heap_deleteIS6_EEEE
000000000021cfa0 b _ZZN3art15ServiceRegistry8instanceEvE10s_registry
----------------------- /home/dladams/ups/art/v1_15_02/slf6.x86_64.e7.nu.prof/lib/libart_Framework_Services_System_CurrentModule_service.so
----------------------- /home/dladams/ups/art/v1_15_02/slf6.x86_64.e7.nu.prof/lib/libart_Framework_Services_System_FileCatalogMetadata_service.so
----------------------- /home/dladams/ups/art/v1_15_02/slf6.x86_64.e7.nu.prof/lib/libart_Framework_Services_System_FloatingPointControl_service.so
----------------------- /home/dladams/ups/art/v1_15_02/slf6.x86_64.e7.nu.prof/lib/libart_Framework_Services_System_PathSelection_service.so
----------------------- /home/dladams/ups/art/v1_15_02/slf6.x86_64.e7.nu.prof/lib/libart_Framework_Services_System_ScheduleContext_service.so
----------------------- /home/dladams/ups/art/v1_15_02/slf6.x86_64.e7.nu.prof/lib/libart_Framework_Services_System_TriggerNamesService_service.so
----------------------- /home/dladams/ups/art/v1_15_02/slf6.x86_64.e7.nu.prof/lib/libart_Framework_Services_UserInteraction.so
